<?xml version="1.0" encoding="UTF-8"?>
<!-- Generated by org.testng.reporters.JUnitXMLReporter -->
<testsuite hostname="vijay" ignored="1" name="Test" tests="1" failures="0" timestamp="26 Sep 2019 10:01:37 GMT" time="400.771" errors="0">
  <testcase name="PSSFRCFNAC01" time="373.952" classname="OpenGlobe.GermanySVMX.TestCases"/>
  <testcase name="GERSMCont0101" time="0.0" classname="OpenGlobe.GermanySVMX.TestCases">
    <ignored/>
  </testcase> <!-- GERSMCont0101 -->
</testsuite> <!-- Test -->
